{
  "C:\\Users\\nigel\\OneDrive - University of Pretoria\\Documents\\School\\2025\\COS 301\\Capstone\\ELO-Learning\\backend\\database\\supabaseClient.js": {
    "path": "C:\\Users\\nigel\\OneDrive - University of Pretoria\\Documents\\School\\2025\\COS 301\\Capstone\\ELO-Learning\\backend\\database\\supabaseClient.js",
    "statementMap": {
      "0": {
        "start": { "line": 6, "column": 19 },
        "end": { "line": 6, "column": 49 }
      },
      "1": {
        "start": { "line": 7, "column": 18 },
        "end": { "line": 7, "column": 42 }
      },
      "2": {
        "start": { "line": 9, "column": 0 },
        "end": { "line": 9, "column": 60 }
      },
      "3": {
        "start": { "line": 11, "column": 20 },
        "end": { "line": 11, "column": 44 }
      },
      "4": {
        "start": { "line": 12, "column": 20 },
        "end": { "line": 12, "column": 44 }
      },
      "5": {
        "start": { "line": 14, "column": 24 },
        "end": { "line": 14, "column": 62 }
      }
    },
    "fnMap": {},
    "branchMap": {},
    "s": { "0": 1, "1": 1, "2": 1, "3": 1, "4": 1, "5": 1 },
    "f": {},
    "b": {},
    "_coverageSchema": "1a1c01bbd47fc00a2c39e90264f33305004495a9",
    "hash": "17a7da86ad212d86649d07ee02d0de47ad878e2c"
  },
  "C:\\Users\\nigel\\OneDrive - University of Pretoria\\Documents\\School\\2025\\COS 301\\Capstone\\ELO-Learning\\backend\\src\\server.js": {
    "path": "C:\\Users\\nigel\\OneDrive - University of Pretoria\\Documents\\School\\2025\\COS 301\\Capstone\\ELO-Learning\\backend\\src\\server.js",
    "statementMap": {
      "0": {
        "start": { "line": 8, "column": 0 },
        "end": { "line": 8, "column": 16 }
      },
      "1": {
        "start": { "line": 10, "column": 12 },
        "end": { "line": 10, "column": 21 }
      },
      "2": {
        "start": { "line": 11, "column": 13 },
        "end": { "line": 11, "column": 37 }
      },
      "3": {
        "start": { "line": 14, "column": 0 },
        "end": { "line": 14, "column": 16 }
      },
      "4": {
        "start": { "line": 15, "column": 0 },
        "end": { "line": 15, "column": 24 }
      },
      "5": {
        "start": { "line": 18, "column": 0 },
        "end": { "line": 20, "column": 3 }
      },
      "6": {
        "start": { "line": 19, "column": 2 },
        "end": { "line": 19, "column": 43 }
      },
      "7": {
        "start": { "line": 23, "column": 0 },
        "end": { "line": 32, "column": 3 }
      },
      "8": {
        "start": { "line": 24, "column": 26 },
        "end": { "line": 26, "column": 70 }
      },
      "9": {
        "start": { "line": 27, "column": 2 },
        "end": { "line": 30, "column": 3 }
      },
      "10": {
        "start": { "line": 28, "column": 4 },
        "end": { "line": 28, "column": 58 }
      },
      "11": {
        "start": { "line": 29, "column": 4 },
        "end": { "line": 29, "column": 68 }
      },
      "12": {
        "start": { "line": 31, "column": 2 },
        "end": { "line": 31, "column": 29 }
      },
      "13": {
        "start": { "line": 35, "column": 0 },
        "end": { "line": 62, "column": 3 }
      },
      "14": {
        "start": { "line": 36, "column": 17 },
        "end": { "line": 36, "column": 27 }
      },
      "15": {
        "start": { "line": 39, "column": 21 },
        "end": { "line": 39, "column": 46 }
      },
      "16": {
        "start": { "line": 40, "column": 2 },
        "end": { "line": 44, "column": 3 }
      },
      "17": {
        "start": { "line": 41, "column": 4 },
        "end": { "line": 43, "column": 69 }
      },
      "18": {
        "start": { "line": 47, "column": 26 },
        "end": { "line": 51, "column": 13 }
      },
      "19": {
        "start": { "line": 53, "column": 2 },
        "end": { "line": 59, "column": 3 }
      },
      "20": {
        "start": { "line": 54, "column": 4 },
        "end": { "line": 56, "column": 5 }
      },
      "21": {
        "start": { "line": 55, "column": 6 },
        "end": { "line": 55, "column": 67 }
      },
      "22": {
        "start": { "line": 57, "column": 4 },
        "end": { "line": 57, "column": 57 }
      },
      "23": {
        "start": { "line": 58, "column": 4 },
        "end": { "line": 58, "column": 67 }
      },
      "24": {
        "start": { "line": 61, "column": 2 },
        "end": { "line": 61, "column": 29 }
      },
      "25": {
        "start": { "line": 65, "column": 0 },
        "end": { "line": 92, "column": 3 }
      },
      "26": {
        "start": { "line": 66, "column": 17 },
        "end": { "line": 66, "column": 27 }
      },
      "27": {
        "start": { "line": 68, "column": 21 },
        "end": { "line": 68, "column": 46 }
      },
      "28": {
        "start": { "line": 69, "column": 2 },
        "end": { "line": 73, "column": 3 }
      },
      "29": {
        "start": { "line": 70, "column": 4 },
        "end": { "line": 72, "column": 69 }
      },
      "30": {
        "start": { "line": 75, "column": 26 },
        "end": { "line": 78, "column": 22 }
      },
      "31": {
        "start": { "line": 80, "column": 2 },
        "end": { "line": 83, "column": 3 }
      },
      "32": {
        "start": { "line": 81, "column": 4 },
        "end": { "line": 81, "column": 65 }
      },
      "33": {
        "start": { "line": 82, "column": 4 },
        "end": { "line": 82, "column": 75 }
      },
      "34": {
        "start": { "line": 85, "column": 2 },
        "end": { "line": 89, "column": 3 }
      },
      "35": {
        "start": { "line": 86, "column": 4 },
        "end": { "line": 88, "column": 68 }
      },
      "36": {
        "start": { "line": 91, "column": 2 },
        "end": { "line": 91, "column": 47 }
      },
      "37": {
        "start": { "line": 95, "column": 0 },
        "end": { "line": 126, "column": 3 }
      },
      "38": {
        "start": { "line": 96, "column": 17 },
        "end": { "line": 96, "column": 27 }
      },
      "39": {
        "start": { "line": 97, "column": 17 },
        "end": { "line": 97, "column": 25 }
      },
      "40": {
        "start": { "line": 99, "column": 21 },
        "end": { "line": 99, "column": 46 }
      },
      "41": {
        "start": { "line": 100, "column": 2 },
        "end": { "line": 104, "column": 3 }
      },
      "42": {
        "start": { "line": 101, "column": 4 },
        "end": { "line": 103, "column": 69 }
      },
      "43": {
        "start": { "line": 106, "column": 2 },
        "end": { "line": 108, "column": 3 }
      },
      "44": {
        "start": { "line": 107, "column": 4 },
        "end": { "line": 107, "column": 67 }
      },
      "45": {
        "start": { "line": 110, "column": 26 },
        "end": { "line": 115, "column": 13 }
      },
      "46": {
        "start": { "line": 117, "column": 2 },
        "end": { "line": 123, "column": 3 }
      },
      "47": {
        "start": { "line": 118, "column": 4 },
        "end": { "line": 120, "column": 5 }
      },
      "48": {
        "start": { "line": 119, "column": 6 },
        "end": { "line": 119, "column": 67 }
      },
      "49": {
        "start": { "line": 121, "column": 4 },
        "end": { "line": 121, "column": 55 }
      },
      "50": {
        "start": { "line": 122, "column": 4 },
        "end": { "line": 122, "column": 66 }
      },
      "51": {
        "start": { "line": 125, "column": 2 },
        "end": { "line": 125, "column": 29 }
      },
      "52": {
        "start": { "line": 129, "column": 0 },
        "end": { "line": 145, "column": 3 }
      },
      "53": {
        "start": { "line": 130, "column": 2 },
        "end": { "line": 144, "column": 3 }
      },
      "54": {
        "start": { "line": 131, "column": 28 },
        "end": { "line": 133, "column": 69 }
      },
      "55": {
        "start": { "line": 135, "column": 4 },
        "end": { "line": 138, "column": 5 }
      },
      "56": {
        "start": { "line": 136, "column": 6 },
        "end": { "line": 136, "column": 64 }
      },
      "57": {
        "start": { "line": 137, "column": 6 },
        "end": { "line": 137, "column": 74 }
      },
      "58": {
        "start": { "line": 140, "column": 4 },
        "end": { "line": 140, "column": 46 }
      },
      "59": {
        "start": { "line": 142, "column": 4 },
        "end": { "line": 142, "column": 44 }
      },
      "60": {
        "start": { "line": 143, "column": 4 },
        "end": { "line": 143, "column": 63 }
      },
      "61": {
        "start": { "line": 148, "column": 0 },
        "end": { "line": 173, "column": 3 }
      },
      "62": {
        "start": { "line": 149, "column": 20 },
        "end": { "line": 149, "column": 30 }
      },
      "63": {
        "start": { "line": 151, "column": 21 },
        "end": { "line": 151, "column": 46 }
      },
      "64": {
        "start": { "line": 152, "column": 2 },
        "end": { "line": 156, "column": 3 }
      },
      "65": {
        "start": { "line": 153, "column": 4 },
        "end": { "line": 155, "column": 69 }
      },
      "66": {
        "start": { "line": 158, "column": 26 },
        "end": { "line": 161, "column": 23 }
      },
      "67": {
        "start": { "line": 163, "column": 2 },
        "end": { "line": 166, "column": 3 }
      },
      "68": {
        "start": { "line": 164, "column": 4 },
        "end": { "line": 164, "column": 62 }
      },
      "69": {
        "start": { "line": 165, "column": 4 },
        "end": { "line": 165, "column": 72 }
      },
      "70": {
        "start": { "line": 168, "column": 2 },
        "end": { "line": 170, "column": 3 }
      },
      "71": {
        "start": { "line": 169, "column": 4 },
        "end": { "line": 169, "column": 66 }
      },
      "72": {
        "start": { "line": 172, "column": 2 },
        "end": { "line": 172, "column": 44 }
      },
      "73": {
        "start": { "line": 176, "column": 0 },
        "end": { "line": 202, "column": 3 }
      },
      "74": {
        "start": { "line": 177, "column": 17 },
        "end": { "line": 177, "column": 27 }
      },
      "75": {
        "start": { "line": 179, "column": 21 },
        "end": { "line": 179, "column": 46 }
      },
      "76": {
        "start": { "line": 180, "column": 2 },
        "end": { "line": 184, "column": 3 }
      },
      "77": {
        "start": { "line": 181, "column": 4 },
        "end": { "line": 183, "column": 69 }
      },
      "78": {
        "start": { "line": 186, "column": 26 },
        "end": { "line": 190, "column": 26 }
      },
      "79": {
        "start": { "line": 192, "column": 2 },
        "end": { "line": 195, "column": 3 }
      },
      "80": {
        "start": { "line": 193, "column": 4 },
        "end": { "line": 193, "column": 59 }
      },
      "81": {
        "start": { "line": 194, "column": 4 },
        "end": { "line": 194, "column": 69 }
      },
      "82": {
        "start": { "line": 197, "column": 2 },
        "end": { "line": 199, "column": 3 }
      },
      "83": {
        "start": { "line": 198, "column": 4 },
        "end": { "line": 198, "column": 69 }
      },
      "84": {
        "start": { "line": 201, "column": 2 },
        "end": { "line": 201, "column": 41 }
      },
      "85": {
        "start": { "line": 205, "column": 0 },
        "end": { "line": 223, "column": 3 }
      },
      "86": {
        "start": { "line": 206, "column": 20 },
        "end": { "line": 206, "column": 29 }
      },
      "87": {
        "start": { "line": 208, "column": 2 },
        "end": { "line": 210, "column": 3 }
      },
      "88": {
        "start": { "line": 209, "column": 4 },
        "end": { "line": 209, "column": 70 }
      },
      "89": {
        "start": { "line": 212, "column": 26 },
        "end": { "line": 215, "column": 23 }
      },
      "90": {
        "start": { "line": 217, "column": 2 },
        "end": { "line": 220, "column": 3 }
      },
      "91": {
        "start": { "line": 218, "column": 4 },
        "end": { "line": 218, "column": 71 }
      },
      "92": {
        "start": { "line": 219, "column": 4 },
        "end": { "line": 219, "column": 72 }
      },
      "93": {
        "start": { "line": 222, "column": 2 },
        "end": { "line": 222, "column": 44 }
      },
      "94": {
        "start": { "line": 226, "column": 0 },
        "end": { "line": 248, "column": 3 }
      },
      "95": {
        "start": { "line": 227, "column": 27 },
        "end": { "line": 227, "column": 36 }
      },
      "96": {
        "start": { "line": 229, "column": 2 },
        "end": { "line": 231, "column": 3 }
      },
      "97": {
        "start": { "line": 230, "column": 4 },
        "end": { "line": 230, "column": 79 }
      },
      "98": {
        "start": { "line": 233, "column": 26 },
        "end": { "line": 237, "column": 23 }
      },
      "99": {
        "start": { "line": 239, "column": 2 },
        "end": { "line": 245, "column": 3 }
      },
      "100": {
        "start": { "line": 240, "column": 4 },
        "end": { "line": 243, "column": 6 }
      },
      "101": {
        "start": { "line": 244, "column": 4 },
        "end": { "line": 244, "column": 72 }
      },
      "102": {
        "start": { "line": 247, "column": 2 },
        "end": { "line": 247, "column": 44 }
      },
      "103": {
        "start": { "line": 257, "column": 0 },
        "end": { "line": 261, "column": 1 }
      },
      "104": {
        "start": { "line": 258, "column": 2 },
        "end": { "line": 260, "column": 5 }
      },
      "105": {
        "start": { "line": 259, "column": 4 },
        "end": { "line": 259, "column": 65 }
      }
    },
    "fnMap": {
      "0": {
        "name": "(anonymous_0)",
        "decl": {
          "start": { "line": 18, "column": 13 },
          "end": { "line": 18, "column": 14 }
        },
        "loc": {
          "start": { "line": 18, "column": 27 },
          "end": { "line": 20, "column": 1 }
        },
        "line": 18
      },
      "1": {
        "name": "(anonymous_1)",
        "decl": {
          "start": { "line": 23, "column": 18 },
          "end": { "line": 23, "column": 19 }
        },
        "loc": {
          "start": { "line": 23, "column": 38 },
          "end": { "line": 32, "column": 1 }
        },
        "line": 23
      },
      "2": {
        "name": "(anonymous_2)",
        "decl": {
          "start": { "line": 35, "column": 21 },
          "end": { "line": 35, "column": 22 }
        },
        "loc": {
          "start": { "line": 35, "column": 41 },
          "end": { "line": 62, "column": 1 }
        },
        "line": 35
      },
      "3": {
        "name": "(anonymous_3)",
        "decl": {
          "start": { "line": 65, "column": 35 },
          "end": { "line": 65, "column": 36 }
        },
        "loc": {
          "start": { "line": 65, "column": 55 },
          "end": { "line": 92, "column": 1 }
        },
        "line": 65
      },
      "4": {
        "name": "(anonymous_4)",
        "decl": {
          "start": { "line": 95, "column": 25 },
          "end": { "line": 95, "column": 26 }
        },
        "loc": {
          "start": { "line": 95, "column": 45 },
          "end": { "line": 126, "column": 1 }
        },
        "line": 95
      },
      "5": {
        "name": "(anonymous_5)",
        "decl": {
          "start": { "line": 129, "column": 22 },
          "end": { "line": 129, "column": 23 }
        },
        "loc": {
          "start": { "line": 129, "column": 42 },
          "end": { "line": 145, "column": 1 }
        },
        "line": 129
      },
      "6": {
        "name": "(anonymous_6)",
        "decl": {
          "start": { "line": 148, "column": 28 },
          "end": { "line": 148, "column": 29 }
        },
        "loc": {
          "start": { "line": 148, "column": 48 },
          "end": { "line": 173, "column": 1 }
        },
        "line": 148
      },
      "7": {
        "name": "(anonymous_7)",
        "decl": {
          "start": { "line": 176, "column": 32 },
          "end": { "line": 176, "column": 33 }
        },
        "loc": {
          "start": { "line": 176, "column": 52 },
          "end": { "line": 202, "column": 1 }
        },
        "line": 176
      },
      "8": {
        "name": "(anonymous_8)",
        "decl": {
          "start": { "line": 205, "column": 28 },
          "end": { "line": 205, "column": 29 }
        },
        "loc": {
          "start": { "line": 205, "column": 48 },
          "end": { "line": 223, "column": 1 }
        },
        "line": 205
      },
      "9": {
        "name": "(anonymous_9)",
        "decl": {
          "start": { "line": 226, "column": 34 },
          "end": { "line": 226, "column": 35 }
        },
        "loc": {
          "start": { "line": 226, "column": 54 },
          "end": { "line": 248, "column": 1 }
        },
        "line": 226
      },
      "10": {
        "name": "(anonymous_10)",
        "decl": {
          "start": { "line": 258, "column": 19 },
          "end": { "line": 258, "column": 20 }
        },
        "loc": {
          "start": { "line": 258, "column": 25 },
          "end": { "line": 260, "column": 3 }
        },
        "line": 258
      }
    },
    "branchMap": {
      "0": {
        "loc": {
          "start": { "line": 11, "column": 13 },
          "end": { "line": 11, "column": 37 }
        },
        "type": "binary-expr",
        "locations": [
          {
            "start": { "line": 11, "column": 13 },
            "end": { "line": 11, "column": 29 }
          },
          {
            "start": { "line": 11, "column": 33 },
            "end": { "line": 11, "column": 37 }
          }
        ],
        "line": 11
      },
      "1": {
        "loc": {
          "start": { "line": 27, "column": 2 },
          "end": { "line": 30, "column": 3 }
        },
        "type": "if",
        "locations": [
          {
            "start": { "line": 27, "column": 2 },
            "end": { "line": 30, "column": 3 }
          },
          { "start": {}, "end": {} }
        ],
        "line": 27
      },
      "2": {
        "loc": {
          "start": { "line": 40, "column": 2 },
          "end": { "line": 44, "column": 3 }
        },
        "type": "if",
        "locations": [
          {
            "start": { "line": 40, "column": 2 },
            "end": { "line": 44, "column": 3 }
          },
          { "start": {}, "end": {} }
        ],
        "line": 40
      },
      "3": {
        "loc": {
          "start": { "line": 40, "column": 6 },
          "end": { "line": 40, "column": 54 }
        },
        "type": "binary-expr",
        "locations": [
          {
            "start": { "line": 40, "column": 6 },
            "end": { "line": 40, "column": 17 }
          },
          {
            "start": { "line": 40, "column": 21 },
            "end": { "line": 40, "column": 54 }
          }
        ],
        "line": 40
      },
      "4": {
        "loc": {
          "start": { "line": 53, "column": 2 },
          "end": { "line": 59, "column": 3 }
        },
        "type": "if",
        "locations": [
          {
            "start": { "line": 53, "column": 2 },
            "end": { "line": 59, "column": 3 }
          },
          { "start": {}, "end": {} }
        ],
        "line": 53
      },
      "5": {
        "loc": {
          "start": { "line": 54, "column": 4 },
          "end": { "line": 56, "column": 5 }
        },
        "type": "if",
        "locations": [
          {
            "start": { "line": 54, "column": 4 },
            "end": { "line": 56, "column": 5 }
          },
          { "start": {}, "end": {} }
        ],
        "line": 54
      },
      "6": {
        "loc": {
          "start": { "line": 69, "column": 2 },
          "end": { "line": 73, "column": 3 }
        },
        "type": "if",
        "locations": [
          {
            "start": { "line": 69, "column": 2 },
            "end": { "line": 73, "column": 3 }
          },
          { "start": {}, "end": {} }
        ],
        "line": 69
      },
      "7": {
        "loc": {
          "start": { "line": 69, "column": 6 },
          "end": { "line": 69, "column": 54 }
        },
        "type": "binary-expr",
        "locations": [
          {
            "start": { "line": 69, "column": 6 },
            "end": { "line": 69, "column": 17 }
          },
          {
            "start": { "line": 69, "column": 21 },
            "end": { "line": 69, "column": 54 }
          }
        ],
        "line": 69
      },
      "8": {
        "loc": {
          "start": { "line": 80, "column": 2 },
          "end": { "line": 83, "column": 3 }
        },
        "type": "if",
        "locations": [
          {
            "start": { "line": 80, "column": 2 },
            "end": { "line": 83, "column": 3 }
          },
          { "start": {}, "end": {} }
        ],
        "line": 80
      },
      "9": {
        "loc": {
          "start": { "line": 85, "column": 2 },
          "end": { "line": 89, "column": 3 }
        },
        "type": "if",
        "locations": [
          {
            "start": { "line": 85, "column": 2 },
            "end": { "line": 89, "column": 3 }
          },
          { "start": {}, "end": {} }
        ],
        "line": 85
      },
      "10": {
        "loc": {
          "start": { "line": 100, "column": 2 },
          "end": { "line": 104, "column": 3 }
        },
        "type": "if",
        "locations": [
          {
            "start": { "line": 100, "column": 2 },
            "end": { "line": 104, "column": 3 }
          },
          { "start": {}, "end": {} }
        ],
        "line": 100
      },
      "11": {
        "loc": {
          "start": { "line": 100, "column": 6 },
          "end": { "line": 100, "column": 54 }
        },
        "type": "binary-expr",
        "locations": [
          {
            "start": { "line": 100, "column": 6 },
            "end": { "line": 100, "column": 17 }
          },
          {
            "start": { "line": 100, "column": 21 },
            "end": { "line": 100, "column": 54 }
          }
        ],
        "line": 100
      },
      "12": {
        "loc": {
          "start": { "line": 106, "column": 2 },
          "end": { "line": 108, "column": 3 }
        },
        "type": "if",
        "locations": [
          {
            "start": { "line": 106, "column": 2 },
            "end": { "line": 108, "column": 3 }
          },
          { "start": {}, "end": {} }
        ],
        "line": 106
      },
      "13": {
        "loc": {
          "start": { "line": 117, "column": 2 },
          "end": { "line": 123, "column": 3 }
        },
        "type": "if",
        "locations": [
          {
            "start": { "line": 117, "column": 2 },
            "end": { "line": 123, "column": 3 }
          },
          { "start": {}, "end": {} }
        ],
        "line": 117
      },
      "14": {
        "loc": {
          "start": { "line": 118, "column": 4 },
          "end": { "line": 120, "column": 5 }
        },
        "type": "if",
        "locations": [
          {
            "start": { "line": 118, "column": 4 },
            "end": { "line": 120, "column": 5 }
          },
          { "start": {}, "end": {} }
        ],
        "line": 118
      },
      "15": {
        "loc": {
          "start": { "line": 135, "column": 4 },
          "end": { "line": 138, "column": 5 }
        },
        "type": "if",
        "locations": [
          {
            "start": { "line": 135, "column": 4 },
            "end": { "line": 138, "column": 5 }
          },
          { "start": {}, "end": {} }
        ],
        "line": 135
      },
      "16": {
        "loc": {
          "start": { "line": 152, "column": 2 },
          "end": { "line": 156, "column": 3 }
        },
        "type": "if",
        "locations": [
          {
            "start": { "line": 152, "column": 2 },
            "end": { "line": 156, "column": 3 }
          },
          { "start": {}, "end": {} }
        ],
        "line": 152
      },
      "17": {
        "loc": {
          "start": { "line": 152, "column": 6 },
          "end": { "line": 152, "column": 54 }
        },
        "type": "binary-expr",
        "locations": [
          {
            "start": { "line": 152, "column": 6 },
            "end": { "line": 152, "column": 17 }
          },
          {
            "start": { "line": 152, "column": 21 },
            "end": { "line": 152, "column": 54 }
          }
        ],
        "line": 152
      },
      "18": {
        "loc": {
          "start": { "line": 163, "column": 2 },
          "end": { "line": 166, "column": 3 }
        },
        "type": "if",
        "locations": [
          {
            "start": { "line": 163, "column": 2 },
            "end": { "line": 166, "column": 3 }
          },
          { "start": {}, "end": {} }
        ],
        "line": 163
      },
      "19": {
        "loc": {
          "start": { "line": 168, "column": 2 },
          "end": { "line": 170, "column": 3 }
        },
        "type": "if",
        "locations": [
          {
            "start": { "line": 168, "column": 2 },
            "end": { "line": 170, "column": 3 }
          },
          { "start": {}, "end": {} }
        ],
        "line": 168
      },
      "20": {
        "loc": {
          "start": { "line": 168, "column": 6 },
          "end": { "line": 168, "column": 32 }
        },
        "type": "binary-expr",
        "locations": [
          {
            "start": { "line": 168, "column": 6 },
            "end": { "line": 168, "column": 11 }
          },
          {
            "start": { "line": 168, "column": 15 },
            "end": { "line": 168, "column": 32 }
          }
        ],
        "line": 168
      },
      "21": {
        "loc": {
          "start": { "line": 180, "column": 2 },
          "end": { "line": 184, "column": 3 }
        },
        "type": "if",
        "locations": [
          {
            "start": { "line": 180, "column": 2 },
            "end": { "line": 184, "column": 3 }
          },
          { "start": {}, "end": {} }
        ],
        "line": 180
      },
      "22": {
        "loc": {
          "start": { "line": 180, "column": 6 },
          "end": { "line": 180, "column": 54 }
        },
        "type": "binary-expr",
        "locations": [
          {
            "start": { "line": 180, "column": 6 },
            "end": { "line": 180, "column": 17 }
          },
          {
            "start": { "line": 180, "column": 21 },
            "end": { "line": 180, "column": 54 }
          }
        ],
        "line": 180
      },
      "23": {
        "loc": {
          "start": { "line": 192, "column": 2 },
          "end": { "line": 195, "column": 3 }
        },
        "type": "if",
        "locations": [
          {
            "start": { "line": 192, "column": 2 },
            "end": { "line": 195, "column": 3 }
          },
          { "start": {}, "end": {} }
        ],
        "line": 192
      },
      "24": {
        "loc": {
          "start": { "line": 197, "column": 2 },
          "end": { "line": 199, "column": 3 }
        },
        "type": "if",
        "locations": [
          {
            "start": { "line": 197, "column": 2 },
            "end": { "line": 199, "column": 3 }
          },
          { "start": {}, "end": {} }
        ],
        "line": 197
      },
      "25": {
        "loc": {
          "start": { "line": 197, "column": 6 },
          "end": { "line": 197, "column": 32 }
        },
        "type": "binary-expr",
        "locations": [
          {
            "start": { "line": 197, "column": 6 },
            "end": { "line": 197, "column": 11 }
          },
          {
            "start": { "line": 197, "column": 15 },
            "end": { "line": 197, "column": 32 }
          }
        ],
        "line": 197
      },
      "26": {
        "loc": {
          "start": { "line": 208, "column": 2 },
          "end": { "line": 210, "column": 3 }
        },
        "type": "if",
        "locations": [
          {
            "start": { "line": 208, "column": 2 },
            "end": { "line": 210, "column": 3 }
          },
          { "start": {}, "end": {} }
        ],
        "line": 208
      },
      "27": {
        "loc": {
          "start": { "line": 217, "column": 2 },
          "end": { "line": 220, "column": 3 }
        },
        "type": "if",
        "locations": [
          {
            "start": { "line": 217, "column": 2 },
            "end": { "line": 220, "column": 3 }
          },
          { "start": {}, "end": {} }
        ],
        "line": 217
      },
      "28": {
        "loc": {
          "start": { "line": 229, "column": 2 },
          "end": { "line": 231, "column": 3 }
        },
        "type": "if",
        "locations": [
          {
            "start": { "line": 229, "column": 2 },
            "end": { "line": 231, "column": 3 }
          },
          { "start": {}, "end": {} }
        ],
        "line": 229
      },
      "29": {
        "loc": {
          "start": { "line": 229, "column": 6 },
          "end": { "line": 229, "column": 22 }
        },
        "type": "binary-expr",
        "locations": [
          {
            "start": { "line": 229, "column": 6 },
            "end": { "line": 229, "column": 12 }
          },
          {
            "start": { "line": 229, "column": 16 },
            "end": { "line": 229, "column": 22 }
          }
        ],
        "line": 229
      },
      "30": {
        "loc": {
          "start": { "line": 239, "column": 2 },
          "end": { "line": 245, "column": 3 }
        },
        "type": "if",
        "locations": [
          {
            "start": { "line": 239, "column": 2 },
            "end": { "line": 245, "column": 3 }
          },
          { "start": {}, "end": {} }
        ],
        "line": 239
      },
      "31": {
        "loc": {
          "start": { "line": 257, "column": 0 },
          "end": { "line": 261, "column": 1 }
        },
        "type": "if",
        "locations": [
          {
            "start": { "line": 257, "column": 0 },
            "end": { "line": 261, "column": 1 }
          },
          { "start": {}, "end": {} }
        ],
        "line": 257
      }
    },
    "s": {
      "0": 1,
      "1": 1,
      "2": 1,
      "3": 1,
      "4": 1,
      "5": 1,
      "6": 0,
      "7": 1,
      "8": 1,
      "9": 1,
      "10": 0,
      "11": 0,
      "12": 1,
      "13": 1,
      "14": 0,
      "15": 0,
      "16": 0,
      "17": 0,
      "18": 0,
      "19": 0,
      "20": 0,
      "21": 0,
      "22": 0,
      "23": 0,
      "24": 0,
      "25": 1,
      "26": 0,
      "27": 0,
      "28": 0,
      "29": 0,
      "30": 0,
      "31": 0,
      "32": 0,
      "33": 0,
      "34": 0,
      "35": 0,
      "36": 0,
      "37": 1,
      "38": 0,
      "39": 0,
      "40": 0,
      "41": 0,
      "42": 0,
      "43": 0,
      "44": 0,
      "45": 0,
      "46": 0,
      "47": 0,
      "48": 0,
      "49": 0,
      "50": 0,
      "51": 0,
      "52": 1,
      "53": 0,
      "54": 0,
      "55": 0,
      "56": 0,
      "57": 0,
      "58": 0,
      "59": 0,
      "60": 0,
      "61": 1,
      "62": 0,
      "63": 0,
      "64": 0,
      "65": 0,
      "66": 0,
      "67": 0,
      "68": 0,
      "69": 0,
      "70": 0,
      "71": 0,
      "72": 0,
      "73": 1,
      "74": 0,
      "75": 0,
      "76": 0,
      "77": 0,
      "78": 0,
      "79": 0,
      "80": 0,
      "81": 0,
      "82": 0,
      "83": 0,
      "84": 0,
      "85": 1,
      "86": 0,
      "87": 0,
      "88": 0,
      "89": 0,
      "90": 0,
      "91": 0,
      "92": 0,
      "93": 0,
      "94": 1,
      "95": 0,
      "96": 0,
      "97": 0,
      "98": 0,
      "99": 0,
      "100": 0,
      "101": 0,
      "102": 0,
      "103": 1,
      "104": 0,
      "105": 0
    },
    "f": {
      "0": 0,
      "1": 1,
      "2": 0,
      "3": 0,
      "4": 0,
      "5": 0,
      "6": 0,
      "7": 0,
      "8": 0,
      "9": 0,
      "10": 0
    },
    "b": {
      "0": [1, 1],
      "1": [0, 1],
      "2": [0, 0],
      "3": [0, 0],
      "4": [0, 0],
      "5": [0, 0],
      "6": [0, 0],
      "7": [0, 0],
      "8": [0, 0],
      "9": [0, 0],
      "10": [0, 0],
      "11": [0, 0],
      "12": [0, 0],
      "13": [0, 0],
      "14": [0, 0],
      "15": [0, 0],
      "16": [0, 0],
      "17": [0, 0],
      "18": [0, 0],
      "19": [0, 0],
      "20": [0, 0],
      "21": [0, 0],
      "22": [0, 0],
      "23": [0, 0],
      "24": [0, 0],
      "25": [0, 0],
      "26": [0, 0],
      "27": [0, 0],
      "28": [0, 0],
      "29": [0, 0],
      "30": [0, 0],
      "31": [0, 1]
    },
    "_coverageSchema": "1a1c01bbd47fc00a2c39e90264f33305004495a9",
    "hash": "5bb7583363c1c8af04b6219a839bd34766327d1d"
  }
}
