TN:
SF:backend\database\supabaseClient.js
FNF:0
FNH:0
DA:6,1
DA:7,1
DA:9,1
DA:11,1
DA:12,1
DA:14,1
LF:6
LH:6
BRF:0
BRH:0
end_of_record
TN:
SF:backend\src\server.js
FN:18,(anonymous_0)
FN:23,(anonymous_1)
FN:35,(anonymous_2)
FN:65,(anonymous_3)
FN:95,(anonymous_4)
FN:129,(anonymous_5)
FN:148,(anonymous_6)
FN:176,(anonymous_7)
FN:205,(anonymous_8)
FN:226,(anonymous_9)
FN:258,(anonymous_10)
FNF:11
FNH:1
FNDA:0,(anonymous_0)
FNDA:1,(anonymous_1)
FNDA:0,(anonymous_2)
FNDA:0,(anonymous_3)
FNDA:0,(anonymous_4)
FNDA:0,(anonymous_5)
FNDA:0,(anonymous_6)
FNDA:0,(anonymous_7)
FNDA:0,(anonymous_8)
FNDA:0,(anonymous_9)
FNDA:0,(anonymous_10)
DA:8,1
DA:10,1
DA:11,1
DA:14,1
DA:15,1
DA:18,1
DA:19,0
DA:23,1
DA:24,1
DA:27,1
DA:28,0
DA:29,0
DA:31,1
DA:35,1
DA:36,0
DA:39,0
DA:40,0
DA:41,0
DA:47,0
DA:53,0
DA:54,0
DA:55,0
DA:57,0
DA:58,0
DA:61,0
DA:65,1
DA:66,0
DA:68,0
DA:69,0
DA:70,0
DA:75,0
DA:80,0
DA:81,0
DA:82,0
DA:85,0
DA:86,0
DA:91,0
DA:95,1
DA:96,0
DA:97,0
DA:99,0
DA:100,0
DA:101,0
DA:106,0
DA:107,0
DA:110,0
DA:117,0
DA:118,0
DA:119,0
DA:121,0
DA:122,0
DA:125,0
DA:129,1
DA:130,0
DA:131,0
DA:135,0
DA:136,0
DA:137,0
DA:140,0
DA:142,0
DA:143,0
DA:148,1
DA:149,0
DA:151,0
DA:152,0
DA:153,0
DA:158,0
DA:163,0
DA:164,0
DA:165,0
DA:168,0
DA:169,0
DA:172,0
DA:176,1
DA:177,0
DA:179,0
DA:180,0
DA:181,0
DA:186,0
DA:192,0
DA:193,0
DA:194,0
DA:197,0
DA:198,0
DA:201,0
DA:205,1
DA:206,0
DA:208,0
DA:209,0
DA:212,0
DA:217,0
DA:218,0
DA:219,0
DA:222,0
DA:226,1
DA:227,0
DA:229,0
DA:230,0
DA:233,0
DA:239,0
DA:240,0
DA:244,0
DA:247,0
DA:257,1
DA:258,0
DA:259,0
LF:106
LH:19
BRDA:11,0,0,1
BRDA:11,0,1,1
BRDA:27,1,0,0
BRDA:27,1,1,1
BRDA:40,2,0,0
BRDA:40,2,1,0
BRDA:40,3,0,0
BRDA:40,3,1,0
BRDA:53,4,0,0
BRDA:53,4,1,0
BRDA:54,5,0,0
BRDA:54,5,1,0
BRDA:69,6,0,0
BRDA:69,6,1,0
BRDA:69,7,0,0
BRDA:69,7,1,0
BRDA:80,8,0,0
BRDA:80,8,1,0
BRDA:85,9,0,0
BRDA:85,9,1,0
BRDA:100,10,0,0
BRDA:100,10,1,0
BRDA:100,11,0,0
BRDA:100,11,1,0
BRDA:106,12,0,0
BRDA:106,12,1,0
BRDA:117,13,0,0
BRDA:117,13,1,0
BRDA:118,14,0,0
BRDA:118,14,1,0
BRDA:135,15,0,0
BRDA:135,15,1,0
BRDA:152,16,0,0
BRDA:152,16,1,0
BRDA:152,17,0,0
BRDA:152,17,1,0
BRDA:163,18,0,0
BRDA:163,18,1,0
BRDA:168,19,0,0
BRDA:168,19,1,0
BRDA:168,20,0,0
BRDA:168,20,1,0
BRDA:180,21,0,0
BRDA:180,21,1,0
BRDA:180,22,0,0
BRDA:180,22,1,0
BRDA:192,23,0,0
BRDA:192,23,1,0
BRDA:197,24,0,0
BRDA:197,24,1,0
BRDA:197,25,0,0
BRDA:197,25,1,0
BRDA:208,26,0,0
BRDA:208,26,1,0
BRDA:217,27,0,0
BRDA:217,27,1,0
BRDA:229,28,0,0
BRDA:229,28,1,0
BRDA:229,29,0,0
BRDA:229,29,1,0
BRDA:239,30,0,0
BRDA:239,30,1,0
BRDA:257,31,0,0
BRDA:257,31,1,1
BRF:64
BRH:4
end_of_record
